<?xml version="1.0" encoding="UTF-8"?>
<testng-results skipped="0" failed="0" ignored="0" total="0" passed="0">
  <reporter-output>
  </reporter-output>
  <suite name="Surefire suite" duration-ms="190486" started-at="2020-04-25T02:31:46 IST" finished-at="2020-04-25T02:34:57 IST">
    <groups>
    </groups>
    <test name="Surefire test" duration-ms="190486" started-at="2020-04-25T02:31:46 IST" finished-at="2020-04-25T02:34:57 IST">
    </test> <!-- Surefire test -->
  </suite> <!-- Surefire suite -->
</testng-results>
